 "query_block": {
    "select_id": 1,
    "cost_info": {
      "query_cost": "1600.22"
    },
    "grouping_operation": {
      "using_temporary_table": true,
      "using_filesort": true,
      "nested_loop": [
        {
          "table": {
            "table_name": "visitor",
            "access_type": "const",
            "possible_keys": [
              "PRIMARY"
            ],
            "key": "PRIMARY",
            "used_key_parts": [
              "id"
            ],
            "key_length": "4",
            "ref": [
              "const"
            ],
            "rows_examined_per_scan": 1,
            "rows_produced_per_join": 1,
            "filtered": "100.00",
            "cost_info": {
              "read_cost": "0.00",
              "eval_cost": "0.20",
              "prefix_cost": "0.00",
              "data_read_per_join": "384"
            },
            "used_columns": [
              "id",
              "name"
            ]
          }
        },
        {
          "table": {
            "table_name": "ticket",
            "access_type": "ref",
            "possible_keys": [
              "fk_ticket_visitor_id_idx",
              "fk_ticket_event_id"
            ],
            "key": "fk_ticket_visitor_id_idx",
            "used_key_parts": [
              "visitor_id"
            ],
            "key_length": "5",
            "ref": [
              "const"
            ],
            "rows_examined_per_scan": 1,
            "rows_produced_per_join": 1,
            "filtered": "100.00",
            "cost_info": {
              "read_cost": "1.00",
              "eval_cost": "0.20",
              "prefix_cost": "1.20",
              "data_read_per_join": "40"
            },
            "used_columns": [
              "id",
              "visitor_id",
              "event_id"
            ]
          }
        },
        {
          "table": {
            "table_name": "performance",
            "access_type": "ref",
            "possible_keys": [
              "PRIMARY",
              "fk_event_performance_id_idx"
            ],
            "key": "fk_event_performance_id_idx",
            "used_key_parts": [
              "event_id"
            ],
            "key_length": "4",
            "ref": [
              "databases25.ticket.event_id"
            ],
            "rows_examined_per_scan": 5,
            "rows_produced_per_join": 5,
            "filtered": "100.00",
            "using_index": true,
            "cost_info": {
              "read_cost": "1.00",
              "eval_cost": "1.00",
              "prefix_cost": "3.20",
              "data_read_per_join": "160"
            },
            "used_columns": [
              "id",
              "event_id"
            ]
          }
        },
        {
          "table": {
            "table_name": "review",
            "access_type": "ref",
            "possible_keys": [
              "fk_performance_id"
            ],
            "key": "fk_performance_id",
            "used_key_parts": [
              "performance_id"
            ],
            "key_length": "4",
            "ref": [
              "databases25.performance.id"
            ],
            "rows_examined_per_scan": 266,
            "rows_produced_per_join": 1330,
            "filtered": "100.00",
            "cost_info": {
              "read_cost": "1330.84",
              "eval_cost": "266.17",
              "prefix_cost": "1600.22",
              "data_read_per_join": "31K"
            },
            "used_columns": [
              "id",
              "score",
              "performance_id"
            ]
          }
        }
      ]
    }
  }